[ 2016-12-14T22:22:38+08:00 ] ::1 /yuyue/
INFO: [ app_init ] --START--
INFO: Run Behavior\BuildLiteBehavior [ RunTime:0.000028s ]
INFO: [ app_init ] --END-- [ RunTime:0.051762s ]
INFO: [ app_begin ] --START--
INFO: Run Behavior\ReadHtmlCacheBehavior [ RunTime:0.015309s ]
INFO: [ app_begin ] --END-- [ RunTime:0.015396s ]
INFO: [ view_parse ] --START--
INFO: [ template_filter ] --START--
INFO: Run Behavior\ContentReplaceBehavior [ RunTime:0.030706s ]
INFO: [ template_filter ] --END-- [ RunTime:0.030811s ]
INFO: Run Behavior\ParseTemplateBehavior [ RunTime:0.131900s ]
INFO: [ view_parse ] --END-- [ RunTime:0.131989s ]
INFO: [ view_filter ] --START--
INFO: Run Behavior\WriteHtmlCacheBehavior [ RunTime:0.033158s ]
INFO: [ view_filter ] --END-- [ RunTime:0.033229s ]
INFO: [ app_end ] --START--
INFO: Run Behavior\ShowPageTraceBehavior [ RunTime:0.015396s ]
INFO: [ app_end ] --END-- [ RunTime:0.015462s ]

[ 2016-12-14T22:22:40+08:00 ] ::1 /yuyue/Home/Public/code
INFO: [ app_init ] --START--
INFO: Run Behavior\BuildLiteBehavior [ RunTime:0.000019s ]
INFO: [ app_init ] --END-- [ RunTime:0.000817s ]
INFO: [ app_begin ] --START--
INFO: Run Behavior\ReadHtmlCacheBehavior [ RunTime:0.001153s ]
INFO: [ app_begin ] --END-- [ RunTime:0.001265s ]
INFO: [ app_end ] --START--
INFO: Run Behavior\ShowPageTraceBehavior [ RunTime:0.001198s ]
INFO: [ app_end ] --END-- [ RunTime:0.001327s ]

